2025-10-20 11:11:43.503 -03:00 [WRN] The WebRootPath was not found: C:\Users\NPC TECH\Downloads\Celebre\celebra-mvp\backend\src\Celebre.Api\wwwroot. Static files may be unavailable.
2025-10-20 11:11:44.398 -03:00 [INF] Application started. Press Ctrl+C to shut down.
2025-10-20 11:11:44.399 -03:00 [INF] Hosting environment: Development
2025-10-20 11:11:44.399 -03:00 [INF] Content root path: C:\Users\NPC TECH\Downloads\Celebre\celebra-mvp\backend\src\Celebre.Api
2025-10-20 11:11:44.411 -03:00 [INF] Request starting HTTP/2 GET https://localhost:44387/swagger - null null
2025-10-20 11:11:45.190 -03:00 [INF] HTTP GET /swagger responded 302 in 3.9398 ms
2025-10-20 11:11:45.237 -03:00 [INF] Request starting HTTP/2 GET https://localhost:44387/swagger/index.html - null null
2025-10-20 11:11:45.253 -03:00 [INF] Request finished HTTP/2 GET https://localhost:44387/swagger - 302 null null 852.3291ms
2025-10-20 11:11:45.544 -03:00 [INF] HTTP GET /swagger/index.html responded 200 in 302.1431 ms
2025-10-20 11:11:45.547 -03:00 [INF] Request finished HTTP/2 GET https://localhost:44387/swagger/index.html - 200 null text/html; charset=utf-8 309.0804ms
2025-10-20 11:11:45.597 -03:00 [INF] Request starting HTTP/2 GET https://localhost:44387/swagger/swagger-ui.css - null null
2025-10-20 11:11:45.633 -03:00 [INF] Sending file. Request path: '/swagger-ui.css'. Physical path: 'N/A'
2025-10-20 11:11:45.633 -03:00 [INF] HTTP GET /swagger/swagger-ui.css responded 200 in 34.6037 ms
2025-10-20 11:11:45.646 -03:00 [INF] Request finished HTTP/2 GET https://localhost:44387/swagger/swagger-ui.css - 200 152073 text/css 48.1661ms
2025-10-20 11:11:45.800 -03:00 [INF] Request starting HTTP/2 GET https://localhost:44387/swagger/swagger-ui-bundle.js - null null
2025-10-20 11:11:45.800 -03:00 [INF] Request starting HTTP/2 GET https://localhost:44387/swagger/index.css - null null
2025-10-20 11:11:45.801 -03:00 [INF] Sending file. Request path: '/index.css'. Physical path: 'N/A'
2025-10-20 11:11:45.801 -03:00 [INF] HTTP GET /swagger/index.css responded 200 in 1.1217 ms
2025-10-20 11:11:45.801 -03:00 [INF] Request starting HTTP/2 GET https://localhost:44387/swagger/swagger-ui-standalone-preset.js - null null
2025-10-20 11:11:45.801 -03:00 [INF] Request starting HTTP/2 GET https://localhost:44387/_framework/aspnetcore-browser-refresh.js - null null
2025-10-20 11:11:45.802 -03:00 [INF] Request finished HTTP/2 GET https://localhost:44387/swagger/index.css - 200 218 text/css 2.0678ms
2025-10-20 11:11:45.815 -03:00 [INF] Request finished HTTP/2 GET https://localhost:44387/_framework/aspnetcore-browser-refresh.js - 200 13758 application/javascript; charset=utf-8 11.9008ms
2025-10-20 11:11:45.823 -03:00 [INF] Sending file. Request path: '/swagger-ui-standalone-preset.js'. Physical path: 'N/A'
2025-10-20 11:11:45.823 -03:00 [INF] HTTP GET /swagger/swagger-ui-standalone-preset.js responded 200 in 21.4128 ms
2025-10-20 11:11:45.826 -03:00 [INF] Request finished HTTP/2 GET https://localhost:44387/swagger/swagger-ui-standalone-preset.js - 200 230294 text/javascript 24.6597ms
2025-10-20 11:11:45.885 -03:00 [INF] Sending file. Request path: '/swagger-ui-bundle.js'. Physical path: 'N/A'
2025-10-20 11:11:45.886 -03:00 [INF] HTTP GET /swagger/swagger-ui-bundle.js responded 200 in 85.5904 ms
2025-10-20 11:11:45.910 -03:00 [INF] Request finished HTTP/2 GET https://localhost:44387/swagger/swagger-ui-bundle.js - 200 1452754 text/javascript 110.5369ms
2025-10-20 11:11:45.926 -03:00 [INF] Request starting HTTP/2 GET https://localhost:44387/_vs/browserLink - null null
2025-10-20 11:11:46.023 -03:00 [INF] Request finished HTTP/2 GET https://localhost:44387/_vs/browserLink - 200 null text/javascript; charset=UTF-8 95.156ms
2025-10-20 11:11:46.591 -03:00 [INF] Request starting HTTP/2 GET https://localhost:44387/swagger/v1/swagger.json - null null
2025-10-20 11:11:46.703 -03:00 [INF] Request starting HTTP/2 GET https://localhost:44387/swagger/favicon-32x32.png - null null
2025-10-20 11:11:46.706 -03:00 [INF] Sending file. Request path: '/favicon-32x32.png'. Physical path: 'N/A'
2025-10-20 11:11:46.706 -03:00 [INF] HTTP GET /swagger/favicon-32x32.png responded 200 in 2.7905 ms
2025-10-20 11:11:46.707 -03:00 [INF] Request finished HTTP/2 GET https://localhost:44387/swagger/favicon-32x32.png - 200 628 image/png 3.9909ms
2025-10-20 11:11:47.394 -03:00 [INF] HTTP GET /swagger/v1/swagger.json responded 200 in 803.0116 ms
2025-10-20 11:11:47.396 -03:00 [INF] Request finished HTTP/2 GET https://localhost:44387/swagger/v1/swagger.json - 200 null application/json; charset=utf-8 805.5093ms
